0 info it worked if it ends with ok
1 verbose cli [ 'node',
1 verbose cli   '/usr/local/bin/npm',
1 verbose cli   'install',
1 verbose cli   '-g',
1 verbose cli   'cordova-gen-icon' ]
2 info using npm@1.4.21
3 info using node@v0.10.30
4 verbose cache add [ 'cordova-gen-icon', null ]
5 verbose cache add name=undefined spec="cordova-gen-icon" args=["cordova-gen-icon",null]
6 verbose parsed url { protocol: null,
6 verbose parsed url   slashes: null,
6 verbose parsed url   auth: null,
6 verbose parsed url   host: null,
6 verbose parsed url   port: null,
6 verbose parsed url   hostname: null,
6 verbose parsed url   hash: null,
6 verbose parsed url   search: null,
6 verbose parsed url   query: null,
6 verbose parsed url   pathname: 'cordova-gen-icon',
6 verbose parsed url   path: 'cordova-gen-icon',
6 verbose parsed url   href: 'cordova-gen-icon' }
7 silly lockFile edecd536-cordova-gen-icon cordova-gen-icon
8 verbose lock cordova-gen-icon /Users/bachelor3/.npm/edecd536-cordova-gen-icon.lock
9 silly lockFile edecd536-cordova-gen-icon cordova-gen-icon
10 silly lockFile edecd536-cordova-gen-icon cordova-gen-icon
11 verbose addNamed [ 'cordova-gen-icon', '' ]
12 verbose addNamed [ null, '*' ]
13 silly lockFile 37b01617-cordova-gen-icon cordova-gen-icon@
14 verbose lock cordova-gen-icon@ /Users/bachelor3/.npm/37b01617-cordova-gen-icon.lock
15 silly addNameRange { name: 'cordova-gen-icon', range: '*', hasData: false }
16 verbose request where is /cordova-gen-icon
17 verbose request registry https://registry.npmjs.org/
18 verbose request id c9b871fbea21cf19
19 verbose url raw /cordova-gen-icon
20 verbose url resolving [ 'https://registry.npmjs.org/', './cordova-gen-icon' ]
21 verbose url resolved https://registry.npmjs.org/cordova-gen-icon
22 verbose request where is https://registry.npmjs.org/cordova-gen-icon
23 info trying registry request attempt 1 at 15:21:35
24 http GET https://registry.npmjs.org/cordova-gen-icon
25 http 200 https://registry.npmjs.org/cordova-gen-icon
26 silly registry.get cb [ 200,
26 silly registry.get   { date: 'Fri, 10 Apr 2015 13:21:37 GMT',
26 silly registry.get     server: 'CouchDB/1.5.0 (Erlang OTP/R16B03)',
26 silly registry.get     etag: '"1JLZ8NLSIZSQZPQ6F19MJ97XH"',
26 silly registry.get     'content-type': 'application/json',
26 silly registry.get     'cache-control': 'max-age=60',
26 silly registry.get     'content-length': '11600',
26 silly registry.get     'accept-ranges': 'bytes',
26 silly registry.get     via: '1.1 varnish',
26 silly registry.get     age: '0',
26 silly registry.get     'x-served-by': 'cache-fra1234-FRA',
26 silly registry.get     'x-cache': 'MISS',
26 silly registry.get     'x-cache-hits': '0',
26 silly registry.get     'x-timer': 'S1428672096.438843,VS0,VE709',
26 silly registry.get     vary: 'Accept',
26 silly registry.get     'keep-alive': 'timeout=10, max=50',
26 silly registry.get     connection: 'Keep-Alive' } ]
27 silly addNameRange number 2 { name: 'cordova-gen-icon', range: '*', hasData: true }
28 silly addNameRange versions [ 'cordova-gen-icon',
28 silly addNameRange   [ '0.1.0',
28 silly addNameRange     '0.1.1',
28 silly addNameRange     '0.3.1',
28 silly addNameRange     '0.4.1',
28 silly addNameRange     '0.4.2',
28 silly addNameRange     '0.4.4',
28 silly addNameRange     '0.4.5',
28 silly addNameRange     '0.4.6' ] ]
29 verbose addNamed [ 'cordova-gen-icon', '0.4.6' ]
30 verbose addNamed [ '0.4.6', '0.4.6' ]
31 silly lockFile e57ece82-cordova-gen-icon-0-4-6 cordova-gen-icon@0.4.6
32 verbose lock cordova-gen-icon@0.4.6 /Users/bachelor3/.npm/e57ece82-cordova-gen-icon-0-4-6.lock
33 silly lockFile 734d52f3--icon-cordova-gen-icon-0-4-6-tgz https://registry.npmjs.org/cordova-gen-icon/-/cordova-gen-icon-0.4.6.tgz
34 verbose lock https://registry.npmjs.org/cordova-gen-icon/-/cordova-gen-icon-0.4.6.tgz /Users/bachelor3/.npm/734d52f3--icon-cordova-gen-icon-0-4-6-tgz.lock
35 verbose addRemoteTarball [ 'https://registry.npmjs.org/cordova-gen-icon/-/cordova-gen-icon-0.4.6.tgz',
35 verbose addRemoteTarball   '86a327ee627f4255f09148294d0e87f6949613b0' ]
36 info retry fetch attempt 1 at 15:21:37
37 verbose fetch to= /var/folders/32/sgrwk4957vx3l2bzvl_cjkzw0000gw/T/npm-3446-vgB-55W6/registry.npmjs.org/cordova-gen-icon/-/cordova-gen-icon-0.4.6.tgz
38 http GET https://registry.npmjs.org/cordova-gen-icon/-/cordova-gen-icon-0.4.6.tgz
39 http 200 https://registry.npmjs.org/cordova-gen-icon/-/cordova-gen-icon-0.4.6.tgz
40 silly lockFile 734d52f3--icon-cordova-gen-icon-0-4-6-tgz https://registry.npmjs.org/cordova-gen-icon/-/cordova-gen-icon-0.4.6.tgz
41 silly lockFile 734d52f3--icon-cordova-gen-icon-0-4-6-tgz https://registry.npmjs.org/cordova-gen-icon/-/cordova-gen-icon-0.4.6.tgz
42 silly lockFile e57ece82-cordova-gen-icon-0-4-6 cordova-gen-icon@0.4.6
43 silly lockFile e57ece82-cordova-gen-icon-0-4-6 cordova-gen-icon@0.4.6
44 silly lockFile 37b01617-cordova-gen-icon cordova-gen-icon@
45 silly lockFile 37b01617-cordova-gen-icon cordova-gen-icon@
46 silly resolved [ { name: 'cordova-gen-icon',
46 silly resolved     version: '0.4.6',
46 silly resolved     description: 'Apache Cordova Icon Generator',
46 silly resolved     main: 'index.js',
46 silly resolved     bin: { 'cordova-gen-icon': 'bin/cordova-gen-icon' },
46 silly resolved     scripts:
46 silly resolved      { jsdoc: 'jsdoc -d jsdoc index.js libs/*.js',
46 silly resolved        test: 'mocha -R spec tests/runner.js' },
46 silly resolved     directories: [ 'bin', 'libs', 'hooks' ],
46 silly resolved     dependencies: { commander: '*', imagemagick: '*', 'dom-js': '*' },
46 silly resolved     devDependencies: { mocha: '*' },
46 silly resolved     repository:
46 silly resolved      { type: 'mercurial',
46 silly resolved        url: 'ssh://hg@bitbucket.org/ntakimura/cordova-gen-icon' },
46 silly resolved     keywords: [ 'cordova', 'hooks', 'icon' ],
46 silly resolved     author: { name: 'Naoki Takimura' },
46 silly resolved     license: { type: 'WTFPL', url: 'http://www.wtfpl.net/about/' },
46 silly resolved     _id: 'cordova-gen-icon@0.4.6',
46 silly resolved     dist:
46 silly resolved      { shasum: '86a327ee627f4255f09148294d0e87f6949613b0',
46 silly resolved        tarball: 'http://registry.npmjs.org/cordova-gen-icon/-/cordova-gen-icon-0.4.6.tgz' },
46 silly resolved     _from: 'cordova-gen-icon@',
46 silly resolved     _npmVersion: '1.3.15',
46 silly resolved     _npmUser: { name: 'ntakimura', email: 'n.takimura@gmail.com' },
46 silly resolved     maintainers: [ [Object] ],
46 silly resolved     _shasum: '86a327ee627f4255f09148294d0e87f6949613b0',
46 silly resolved     _resolved: 'https://registry.npmjs.org/cordova-gen-icon/-/cordova-gen-icon-0.4.6.tgz' } ]
47 info install cordova-gen-icon@0.4.6 into /usr/local/lib
48 info installOne cordova-gen-icon@0.4.6
49 verbose lib/node_modules/cordova-gen-icon unbuild
50 verbose tar unpack /Users/bachelor3/.npm/cordova-gen-icon/0.4.6/package.tgz
51 silly lockFile 4ab9290d-ib-node-modules-cordova-gen-icon tar:///usr/local/lib/node_modules/cordova-gen-icon
52 verbose lock tar:///usr/local/lib/node_modules/cordova-gen-icon /Users/bachelor3/.npm/4ab9290d-ib-node-modules-cordova-gen-icon.lock
53 silly lockFile 33d6df52-rdova-gen-icon-0-4-6-package-tgz tar:///Users/bachelor3/.npm/cordova-gen-icon/0.4.6/package.tgz
54 verbose lock tar:///Users/bachelor3/.npm/cordova-gen-icon/0.4.6/package.tgz /Users/bachelor3/.npm/33d6df52-rdova-gen-icon-0-4-6-package-tgz.lock
55 silly gunzTarPerm modes [ '755', '644' ]
56 error Error: EACCES, mkdir '/usr/local/lib/node_modules/cordova-gen-icon'
56 error  { [Error: EACCES, mkdir '/usr/local/lib/node_modules/cordova-gen-icon']
56 error   errno: 3,
56 error   code: 'EACCES',
56 error   path: '/usr/local/lib/node_modules/cordova-gen-icon',
56 error   fstream_type: 'Directory',
56 error   fstream_path: '/usr/local/lib/node_modules/cordova-gen-icon',
56 error   fstream_class: 'DirWriter',
56 error   fstream_stack:
56 error    [ '/usr/local/lib/node_modules/npm/node_modules/fstream/lib/dir-writer.js:36:23',
56 error      '/usr/local/lib/node_modules/npm/node_modules/mkdirp/index.js:37:53',
56 error      'Object.oncomplete (fs.js:107:15)' ] }
57 error Please try running this command again as root/Administrator.
58 error System Darwin 13.3.0
59 error command "node" "/usr/local/bin/npm" "install" "-g" "cordova-gen-icon"
60 error cwd /Users/bachelor3/Desktop/cordova/iesa-2015-a3-mobile/exo-04/hello
61 error node -v v0.10.30
62 error npm -v 1.4.21
63 error path /usr/local/lib/node_modules/cordova-gen-icon
64 error fstream_path /usr/local/lib/node_modules/cordova-gen-icon
65 error fstream_type Directory
66 error fstream_class DirWriter
67 error code EACCES
68 error errno 3
69 error stack Error: EACCES, mkdir '/usr/local/lib/node_modules/cordova-gen-icon'
70 error fstream_stack /usr/local/lib/node_modules/npm/node_modules/fstream/lib/dir-writer.js:36:23
70 error fstream_stack /usr/local/lib/node_modules/npm/node_modules/mkdirp/index.js:37:53
70 error fstream_stack Object.oncomplete (fs.js:107:15)
71 verbose exit [ 3, true ]
